[03Jan2025 00:00:20.359] [Server thread/INFO] [net.minecraft.server.MinecraftServer/]: [YermanPC: Gave 1    [Adjustable Transformer] to YermanPC]
[03Jan2025 00:00:21.054] [Server thread/INFO] [net.minecraft.server.MinecraftServer/]: [YermanPC: Gave 1    [Adjustable Transformer] to YermanPC]
[03Jan2025 00:00:21.203] [Server thread/INFO] [net.minecraft.server.MinecraftServer/]: [YermanPC: Gave 1    [Adjustable Transformer] to YermanPC]
[03Jan2025 00:00:21.327] [Server thread/INFO] [net.minecraft.server.MinecraftServer/]: [YermanPC: Gave 1    [Adjustable Transformer] to YermanPC]
[03Jan2025 00:00:21.459] [Server thread/INFO] [net.minecraft.server.MinecraftServer/]: [YermanPC: Gave 1    [Adjustable Transformer] to YermanPC]
[03Jan2025 00:00:21.583] [Server thread/INFO] [net.minecraft.server.MinecraftServer/]: [YermanPC: Gave 1    [Adjustable Transformer] to YermanPC]
[03Jan2025 00:00:21.727] [Server thread/INFO] [net.minecraft.server.MinecraftServer/]: [YermanPC: Gave 1    [Adjustable Transformer] to YermanPC]
[03Jan2025 00:00:21.863] [Server thread/INFO] [net.minecraft.server.MinecraftServer/]: [YermanPC: Gave 1    [Adjustable Transformer] to YermanPC]
[03Jan2025 00:00:22.323] [Server thread/INFO] [net.minecraft.server.MinecraftServer/]: [YermanPC: Gave 1    [Adjustable Transformer] to YermanPC]
[03Jan2025 00:00:22.983] [Server thread/INFO] [net.minecraft.server.MinecraftServer/]: [YermanPC: Gave 1    [Adjustable Transformer] to YermanPC]
[03Jan2025 00:00:23.613] [Server thread/INFO] [net.minecraft.server.MinecraftServer/]: [YermanPC: Gave 1    [Adjustable Transformer] to YermanPC]
[03Jan2025 00:00:23.731] [Server thread/INFO] [net.minecraft.server.MinecraftServer/]: [YermanPC: Gave 1    [Adjustable Transformer] to YermanPC]
[03Jan2025 00:00:36.656] [Server thread/INFO] [net.minecraft.server.MinecraftServer/]: [YermanPC: Gave 64    [Glassfiber Cable] to YermanPC]
[03Jan2025 00:00:51.526] [Server thread/INFO] [com.teampotato.redirector.Redirector/]: Redirecting ic2/core/inventory/slot/IGhostSlot$GhostType
[03Jan2025 00:01:08.075] [Server thread/INFO] [net.minecraft.server.MinecraftServer/]: [YermanPC: Gave 64    [Monitor Card] to YermanPC]
[03Jan2025 00:01:19.105] [Server thread/INFO] [net.minecraft.server.MinecraftServer/]: [YermanPC: Gave 1    [EU Card] to YermanPC]
[03Jan2025 00:01:30.807] [Server thread/INFO] [com.teampotato.redirector.Redirector/]: Redirecting net/p3pp3rf1y/sophisticatedbackpacks/common/gui/BackpackContext$ContextType
[03Jan2025 00:03:33.678] [Server thread/INFO] [net.minecraft.server.MinecraftServer/]: [YermanPC: Gave 1    [ISU] to YermanPC]
[03Jan2025 00:03:36.723] [Server thread/INFO] [net.minecraft.server.MinecraftServer/]: [YermanPC: Gave 1    [ESU] to YermanPC]
[03Jan2025 00:03:37.011] [Server thread/INFO] [net.minecraft.server.MinecraftServer/]: [YermanPC: Gave 1    [ESU] to YermanPC]
[03Jan2025 00:03:37.278] [Server thread/INFO] [net.minecraft.server.MinecraftServer/]: [YermanPC: Gave 1    [ESU] to YermanPC]
[03Jan2025 00:03:37.566] [Server thread/INFO] [net.minecraft.server.MinecraftServer/]: [YermanPC: Gave 1    [ESU] to YermanPC]
[03Jan2025 00:03:43.154] [Server thread/INFO] [net.minecraft.server.MinecraftServer/]: [YermanPC: Gave 1    [MFSU] to YermanPC]
[03Jan2025 00:03:43.482] [Server thread/INFO] [net.minecraft.server.MinecraftServer/]: [YermanPC: Gave 1    [MFSU] to YermanPC]
[03Jan2025 00:03:43.778] [Server thread/INFO] [net.minecraft.server.MinecraftServer/]: [YermanPC: Gave 1    [MFSU] to YermanPC]
[03Jan2025 00:03:44.022] [Server thread/INFO] [net.minecraft.server.MinecraftServer/]: [YermanPC: Gave 1    [MFSU] to YermanPC]
[03Jan2025 00:03:48.961] [Server thread/INFO] [net.minecraft.server.MinecraftServer/]: [YermanPC: Gave 1    [MFSU] to YermanPC]
[03Jan2025 00:03:49.209] [Server thread/INFO] [net.minecraft.server.MinecraftServer/]: [YermanPC: Gave 1    [MFSU] to YermanPC]
[03Jan2025 00:03:49.418] [Server thread/INFO] [net.minecraft.server.MinecraftServer/]: [YermanPC: Gave 1    [MFSU] to YermanPC]
[03Jan2025 00:04:04.956] [Server thread/INFO] [net.minecraft.server.MinecraftServer/]: [YermanPC: Gave 1    [EU Reader] to YermanPC]
[03Jan2025 00:04:06.419] [Server thread/INFO] [net.minecraft.server.MinecraftServer/]: YermanPC has made the advancement [Flow Reader]
[03Jan2025 00:07:56.957] [Server thread/INFO] [net.minecraft.server.MinecraftServer/]: [YermanPC: Set own game mode to Survival Mode]
[03Jan2025 00:07:57.759] [Server thread/INFO] [com.teampotato.redirector.Redirector/]: Redirecting ic2/core/block/base/features/IClickable$ClickAction
[03Jan2025 00:09:16.280] [Server thread/INFO] [net.minecraft.server.MinecraftServer/]: [YermanPC: Set own game mode to Creative Mode]
[03Jan2025 00:09:50.180] [Server thread/INFO] [net.minecraft.server.MinecraftServer/]: [YermanPC: Set own game mode to Survival Mode]
[03Jan2025 00:10:15.527] [Server thread/INFO] [net.minecraft.server.MinecraftServer/]: [YermanPC: Set own game mode to Creative Mode]
[03Jan2025 00:10:59.192] [Server thread/INFO] [net.minecraft.server.MinecraftServer/]: YermanPC has made the advancement [What a Deal!]
[03Jan2025 00:23:00.602] [Server thread/INFO] [com.teampotato.redirector.Redirector/]: Redirecting ic2/core/item/tool/EUReaderTool$ReaderMode
[03Jan2025 00:31:07.339] [Server thread/INFO] [net.minecraft.server.MinecraftServer/]: [YermanPC: Teleported YermanPC to 442.500000, 124.500000, -636.500000]
[03Jan2025 00:31:38.200] [Server thread/INFO] [com.teampotato.redirector.Redirector/]: Redirecting net/minecraft/world/level/block/entity/BeehiveBlockEntity$BeeReleaseStatus
[03Jan2025 00:45:42.953] [Server thread/INFO] [net.minecraft.server.network.ServerGamePacketListenerImpl/]: YermanPC lost connection: Timed out
[03Jan2025 00:45:42.954] [Server thread/INFO] [net.minecraft.server.MinecraftServer/]: YermanPC left the game
[03Jan2025 00:45:42.958] [Server thread/INFO] [com.teampotato.redirector.Redirector/]: Redirecting io/redspace/ironsspellbooks/api/spells/CastType
[03Jan2025 00:45:43.040] [Server thread/WARN] [net.minecraft.network.Connection/]: handleDisconnection() called twice
[03Jan2025 00:46:07.000] [Server thread/INFO] [net.minecraft.server.MinecraftServer/]: Stopping the server
[03Jan2025 00:46:07.042] [Server thread/INFO] [com.teampotato.redirector.Redirector/]: Redirecting ovh/corail/tombstone/helper/SupportStructures
[03Jan2025 00:46:07.046] [Server thread/INFO] [HammerLib/]: Purging cache from 0 HL recipe registries.
[03Jan2025 00:46:07.060] [Server thread/INFO] [net.minecraft.server.MinecraftServer/]: Stopping server
[03Jan2025 00:46:07.061] [Server thread/INFO] [net.minecraft.server.MinecraftServer/]: Saving players
[03Jan2025 00:46:07.062] [Server thread/INFO] [net.minecraft.server.MinecraftServer/]: Saving worlds
[03Jan2025 00:46:07.221] [Server thread/INFO] [net.minecraft.server.MinecraftServer/]: Saving chunks for level 'ServerLevel[world]'/minecraft:overworld
[03Jan2025 00:46:07.527] [Server thread/INFO] [net.minecraft.server.MinecraftServer/]: Saving chunks for level 'ServerLevel[world]'/ad_astra:venus_orbit
[03Jan2025 00:46:07.529] [Server thread/INFO] [net.minecraft.server.MinecraftServer/]: Saving chunks for level 'ServerLevel[world]'/ad_astra:mercury_orbit
[03Jan2025 00:46:07.529] [Server thread/INFO] [net.minecraft.server.MinecraftServer/]: Saving chunks for level 'ServerLevel[world]'/ad_astra:earth_orbit
[03Jan2025 00:46:07.531] [Server thread/INFO] [net.minecraft.server.MinecraftServer/]: Saving chunks for level 'ServerLevel[world]'/ulterlands:ulterlands_dimension
[03Jan2025 00:46:07.532] [Server thread/INFO] [net.minecraft.server.MinecraftServer/]: Saving chunks for level 'ServerLevel[world]'/vtubruhlotrmobs:isengard
[03Jan2025 00:46:07.533] [Server thread/INFO] [net.minecraft.server.MinecraftServer/]: Saving chunks for level 'ServerLevel[world]'/ad_astra:mars
[03Jan2025 00:46:07.534] [Server thread/INFO] [net.minecraft.server.MinecraftServer/]: Saving chunks for level 'ServerLevel[world]'/ad_astra:moon_orbit
[03Jan2025 00:46:07.534] [Server thread/INFO] [net.minecraft.server.MinecraftServer/]: Saving chunks for level 'ServerLevel[world]'/ad_astra:mars_orbit
[03Jan2025 00:46:07.535] [Server thread/INFO] [net.minecraft.server.MinecraftServer/]: Saving chunks for level 'ServerLevel[world]'/ulterlands:parapax
[03Jan2025 00:46:07.536] [Server thread/INFO] [net.minecraft.server.MinecraftServer/]: Saving chunks for level 'ServerLevel[world]'/ad_astra:mercury
[03Jan2025 00:46:07.537] [Server thread/INFO] [net.minecraft.server.MinecraftServer/]: Saving chunks for level 'ServerLevel[world]'/minecraft:the_end
[03Jan2025 00:46:07.538] [Server thread/INFO] [net.minecraft.server.MinecraftServer/]: Saving chunks for level 'ServerLevel[world]'/ad_astra:venus
[03Jan2025 00:46:07.539] [Server thread/INFO] [net.minecraft.server.MinecraftServer/]: Saving chunks for level 'ServerLevel[world]'/ad_astra:glacio
[03Jan2025 00:46:07.539] [Server thread/INFO] [net.minecraft.server.MinecraftServer/]: Saving chunks for level 'ServerLevel[world]'/ad_astra:glacio_orbit
[03Jan2025 00:46:07.540] [Server thread/INFO] [net.minecraft.server.MinecraftServer/]: Saving chunks for level 'ServerLevel[world]'/ad_astra:moon
[03Jan2025 00:46:07.541] [Server thread/INFO] [net.minecraft.server.MinecraftServer/]: Saving chunks for level 'ServerLevel[world]'/minecraft:the_nether
[03Jan2025 00:46:07.657] [Server thread/INFO] [net.minecraft.server.MinecraftServer/]: ThreadedAnvilChunkStorage (world): All chunks are saved
[03Jan2025 00:46:07.657] [Server thread/INFO] [net.minecraft.server.MinecraftServer/]: ThreadedAnvilChunkStorage (venus_orbit): All chunks are saved
[03Jan2025 00:46:07.657] [Server thread/INFO] [net.minecraft.server.MinecraftServer/]: ThreadedAnvilChunkStorage (mercury_orbit): All chunks are saved
[03Jan2025 00:46:07.657] [Server thread/INFO] [net.minecraft.server.MinecraftServer/]: ThreadedAnvilChunkStorage (earth_orbit): All chunks are saved
[03Jan2025 00:46:07.658] [Server thread/INFO] [net.minecraft.server.MinecraftServer/]: ThreadedAnvilChunkStorage (ulterlands_dimension): All chunks are saved
[03Jan2025 00:46:07.658] [Server thread/INFO] [net.minecraft.server.MinecraftServer/]: ThreadedAnvilChunkStorage (isengard): All chunks are saved
[03Jan2025 00:46:07.658] [Server thread/INFO] [net.minecraft.server.MinecraftServer/]: ThreadedAnvilChunkStorage (mars): All chunks are saved
[03Jan2025 00:46:07.658] [Server thread/INFO] [net.minecraft.server.MinecraftServer/]: ThreadedAnvilChunkStorage (moon_orbit): All chunks are saved
[03Jan2025 00:46:07.658] [Server thread/INFO] [net.minecraft.server.MinecraftServer/]: ThreadedAnvilChunkStorage (mars_orbit): All chunks are saved
[03Jan2025 00:46:07.659] [Server thread/INFO] [net.minecraft.server.MinecraftServer/]: ThreadedAnvilChunkStorage (parapax): All chunks are saved
[03Jan2025 00:46:07.659] [Server thread/INFO] [net.minecraft.server.MinecraftServer/]: ThreadedAnvilChunkStorage (mercury): All chunks are saved
[03Jan2025 00:46:07.659] [Server thread/INFO] [net.minecraft.server.MinecraftServer/]: ThreadedAnvilChunkStorage (DIM1): All chunks are saved
[03Jan2025 00:46:07.659] [Server thread/INFO] [net.minecraft.server.MinecraftServer/]: ThreadedAnvilChunkStorage (venus): All chunks are saved
[03Jan2025 00:46:07.659] [Server thread/INFO] [net.minecraft.server.MinecraftServer/]: ThreadedAnvilChunkStorage (glacio): All chunks are saved
[03Jan2025 00:46:07.660] [Server thread/INFO] [net.minecraft.server.MinecraftServer/]: ThreadedAnvilChunkStorage (glacio_orbit): All chunks are saved
[03Jan2025 00:46:07.660] [Server thread/INFO] [net.minecraft.server.MinecraftServer/]: ThreadedAnvilChunkStorage (moon): All chunks are saved
[03Jan2025 00:46:07.660] [Server thread/INFO] [net.minecraft.server.MinecraftServer/]: ThreadedAnvilChunkStorage (DIM-1): All chunks are saved
[03Jan2025 00:46:07.660] [Server thread/INFO] [net.minecraft.server.MinecraftServer/]: ThreadedAnvilChunkStorage: All dimensions are saved
[03Jan2025 00:46:07.688] [Server thread/INFO] [Calio/]: Removing Dynamic Registries for: net.minecraft.server.dedicated.DedicatedServer@1be66673
[03Jan2025 00:46:07.689] [Server thread/INFO] [Framework/]: Unloading server configs...
